2026-02-03 23:21:20 +0000 Writing PID to tmp/pids/thin.pid
2026-02-03 23:21:20 +0000 Using rack adapter
2026-02-03 23:21:20 +0000 Thin web server (v2.0.1 codename Thinception)
2026-02-03 23:21:20 +0000 Maximum connections set to 1024
2026-02-03 23:21:20 +0000 Listening on 0.0.0.0:9292, CTRL+C to stop
2026-02-04 05:40:33 +0000 Unexpected error while processing request: uninitialized constant Rack::File
	/var/lib/gems/3.2.0/gems/shinmun-1.0.3/lib/shinmun/routes.rb:42:in `block (2 levels) in <top (required)>'
	/var/lib/gems/3.2.0/gems/kontrol-0.4/lib/kontrol/application.rb:117:in `call'
	/var/lib/gems/3.2.0/gems/shinmun-1.0.3/lib/shinmun/blog.rb:58:in `call'
	/var/lib/gems/3.2.0/gems/rack-3.2.4/lib/rack/reloader.rb:47:in `call'
	/var/lib/gems/3.2.0/gems/thin-2.0.1/lib/thin/connection.rb:90:in `block in pre_process'
	/var/lib/gems/3.2.0/gems/thin-2.0.1/lib/thin/connection.rb:88:in `catch'
	/var/lib/gems/3.2.0/gems/thin-2.0.1/lib/thin/connection.rb:88:in `pre_process'
	/var/lib/gems/3.2.0/gems/thin-2.0.1/lib/thin/connection.rb:53:in `process'
	/var/lib/gems/3.2.0/gems/thin-2.0.1/lib/thin/connection.rb:39:in `receive_data'
	/var/lib/gems/3.2.0/gems/eventmachine-1.2.7/lib/eventmachine.rb:195:in `run_machine'
	/var/lib/gems/3.2.0/gems/eventmachine-1.2.7/lib/eventmachine.rb:195:in `run'
	/var/lib/gems/3.2.0/gems/thin-2.0.1/lib/thin/backends/base.rb:75:in `start'
	/var/lib/gems/3.2.0/gems/thin-2.0.1/lib/thin/server.rb:162:in `start'
	/var/lib/gems/3.2.0/gems/thin-2.0.1/lib/thin/controllers/controller.rb:87:in `start'
	/var/lib/gems/3.2.0/gems/thin-2.0.1/lib/thin/runner.rb:203:in `run_command'
	/var/lib/gems/3.2.0/gems/thin-2.0.1/lib/thin/runner.rb:159:in `run!'
	/var/lib/gems/3.2.0/gems/thin-2.0.1/bin/thin:6:in `<top (required)>'
	/usr/local/bin/thin:25:in `load'
	/usr/local/bin/thin:25:in `<main>'

2026-02-04 05:44:33 +0000 Exiting!
2026-02-04 05:44:34 +0000 Writing PID to tmp/pids/thin.pid
2026-02-04 05:44:34 +0000 Using rack adapter
2026-02-04 05:44:34 +0000 Exiting!
/usr/lib/ruby/3.2.0/psych/class_loader.rb:99:in `find': Tried to load unspecified class: Date (Psych::DisallowedClass)
	from /usr/lib/ruby/3.2.0/psych/class_loader.rb:28:in `load'
	from (eval):2:in `date'
	from /usr/lib/ruby/3.2.0/psych/scalar_scanner.rb:66:in `tokenize'
	from /usr/lib/ruby/3.2.0/psych/visitors/to_ruby.rb:65:in `deserialize'
	from /usr/lib/ruby/3.2.0/psych/visitors/to_ruby.rb:130:in `visit_Psych_Nodes_Scalar'
	from /usr/lib/ruby/3.2.0/psych/visitors/visitor.rb:30:in `visit'
	from /usr/lib/ruby/3.2.0/psych/visitors/visitor.rb:6:in `accept'
	from /usr/lib/ruby/3.2.0/psych/visitors/to_ruby.rb:35:in `accept'
	from /usr/lib/ruby/3.2.0/psych/visitors/to_ruby.rb:347:in `block in revive_hash'
	from /usr/lib/ruby/3.2.0/psych/visitors/to_ruby.rb:345:in `each'
	from /usr/lib/ruby/3.2.0/psych/visitors/to_ruby.rb:345:in `each_slice'
	from /usr/lib/ruby/3.2.0/psych/visitors/to_ruby.rb:345:in `revive_hash'
	from /usr/lib/ruby/3.2.0/psych/visitors/to_ruby.rb:169:in `visit_Psych_Nodes_Mapping'
	from /usr/lib/ruby/3.2.0/psych/visitors/visitor.rb:30:in `visit'
	from /usr/lib/ruby/3.2.0/psych/visitors/visitor.rb:6:in `accept'
	from /usr/lib/ruby/3.2.0/psych/visitors/to_ruby.rb:35:in `accept'
	from /usr/lib/ruby/3.2.0/psych/visitors/to_ruby.rb:320:in `visit_Psych_Nodes_Document'
	from /usr/lib/ruby/3.2.0/psych/visitors/visitor.rb:30:in `visit'
	from /usr/lib/ruby/3.2.0/psych/visitors/visitor.rb:6:in `accept'
	from /usr/lib/ruby/3.2.0/psych/visitors/to_ruby.rb:35:in `accept'
	from /usr/lib/ruby/3.2.0/psych.rb:334:in `safe_load'
	from /usr/lib/ruby/3.2.0/psych.rb:369:in `load'
	from /var/lib/gems/3.2.0/gems/shinmun-1.0.3/lib/shinmun/post.rb:101:in `parse'
	from /var/lib/gems/3.2.0/gems/shinmun-1.0.3/lib/shinmun/post.rb:83:in `load'
	from /var/lib/gems/3.2.0/gems/shinmun-1.0.3/lib/shinmun/post.rb:35:in `initialize'
	from /var/lib/gems/3.2.0/gems/shinmun-1.0.3/lib/shinmun/blog.rb:72:in `new'
	from /var/lib/gems/3.2.0/gems/shinmun-1.0.3/lib/shinmun/blog.rb:72:in `block in load_posts'
	from /var/lib/gems/3.2.0/gems/shinmun-1.0.3/lib/shinmun/blog.rb:71:in `map'
	from /var/lib/gems/3.2.0/gems/shinmun-1.0.3/lib/shinmun/blog.rb:71:in `load_posts'
	from /var/lib/gems/3.2.0/gems/shinmun-1.0.3/lib/shinmun/blog.rb:21:in `initialize'
	from /root/blog/nodetool-blog/config.ru:7:in `new'
	from /root/blog/nodetool-blog/config.ru:7:in `block in <main>'
	from /var/lib/gems/3.2.0/gems/rack-3.2.4/lib/rack/builder.rb:124:in `instance_eval'
	from /var/lib/gems/3.2.0/gems/rack-3.2.4/lib/rack/builder.rb:124:in `initialize'
	from /root/blog/nodetool-blog/config.ru:1:in `new'
	from /root/blog/nodetool-blog/config.ru:1:in `<main>'
	from /var/lib/gems/3.2.0/gems/thin-2.0.1/lib/rack/adapter/loader.rb:40:in `eval'
	from /var/lib/gems/3.2.0/gems/thin-2.0.1/lib/rack/adapter/loader.rb:40:in `load'
	from /var/lib/gems/3.2.0/gems/thin-2.0.1/lib/rack/adapter/loader.rb:49:in `for'
	from /var/lib/gems/3.2.0/gems/thin-2.0.1/lib/thin/controllers/controller.rb:170:in `load_adapter'
	from /var/lib/gems/3.2.0/gems/thin-2.0.1/lib/thin/controllers/controller.rb:74:in `start'
	from /var/lib/gems/3.2.0/gems/thin-2.0.1/lib/thin/runner.rb:203:in `run_command'
	from /var/lib/gems/3.2.0/gems/thin-2.0.1/lib/thin/runner.rb:159:in `run!'
	from /var/lib/gems/3.2.0/gems/thin-2.0.1/bin/thin:6:in `<top (required)>'
	from /usr/local/bin/thin:25:in `load'
	from /usr/local/bin/thin:25:in `<main>'
2026-02-04 05:45:06 +0000 Writing PID to tmp/pids/thin.pid
2026-02-04 05:45:06 +0000 Using rack adapter
bundler: failed to load command: thin (/usr/local/bin/thin)
2026-02-04 05:45:06 +0000 Exiting!
/usr/lib/ruby/3.2.0/psych/class_loader.rb:99:in `find': Tried to load unspecified class: Date (Psych::DisallowedClass)
	from /usr/lib/ruby/3.2.0/psych/class_loader.rb:28:in `load'
	from (eval):2:in `date'
	from /usr/lib/ruby/3.2.0/psych/scalar_scanner.rb:66:in `tokenize'
	from /usr/lib/ruby/3.2.0/psych/visitors/to_ruby.rb:65:in `deserialize'
	from /usr/lib/ruby/3.2.0/psych/visitors/to_ruby.rb:130:in `visit_Psych_Nodes_Scalar'
	from /usr/lib/ruby/3.2.0/psych/visitors/visitor.rb:30:in `visit'
	from /usr/lib/ruby/3.2.0/psych/visitors/visitor.rb:6:in `accept'
	from /usr/lib/ruby/3.2.0/psych/visitors/to_ruby.rb:35:in `accept'
	from /usr/lib/ruby/3.2.0/psych/visitors/to_ruby.rb:347:in `block in revive_hash'
	from /usr/lib/ruby/3.2.0/psych/visitors/to_ruby.rb:345:in `each'
	from /usr/lib/ruby/3.2.0/psych/visitors/to_ruby.rb:345:in `each_slice'
	from /usr/lib/ruby/3.2.0/psych/visitors/to_ruby.rb:345:in `revive_hash'
	from /usr/lib/ruby/3.2.0/psych/visitors/to_ruby.rb:169:in `visit_Psych_Nodes_Mapping'
	from /usr/lib/ruby/3.2.0/psych/visitors/visitor.rb:30:in `visit'
	from /usr/lib/ruby/3.2.0/psych/visitors/visitor.rb:6:in `accept'
	from /usr/lib/ruby/3.2.0/psych/visitors/to_ruby.rb:35:in `accept'
	from /usr/lib/ruby/3.2.0/psych/visitors/to_ruby.rb:320:in `visit_Psych_Nodes_Document'
	from /usr/lib/ruby/3.2.0/psych/visitors/visitor.rb:30:in `visit'
	from /usr/lib/ruby/3.2.0/psych/visitors/visitor.rb:6:in `accept'
	from /usr/lib/ruby/3.2.0/psych/visitors/to_ruby.rb:35:in `accept'
	from /usr/lib/ruby/3.2.0/psych.rb:334:in `safe_load'
	from /usr/lib/ruby/3.2.0/psych.rb:369:in `load'
	from /var/lib/gems/3.2.0/gems/shinmun-1.0.3/lib/shinmun/post.rb:101:in `parse'
	from /var/lib/gems/3.2.0/gems/shinmun-1.0.3/lib/shinmun/post.rb:83:in `load'
	from /var/lib/gems/3.2.0/gems/shinmun-1.0.3/lib/shinmun/post.rb:35:in `initialize'
	from /var/lib/gems/3.2.0/gems/shinmun-1.0.3/lib/shinmun/blog.rb:72:in `new'
	from /var/lib/gems/3.2.0/gems/shinmun-1.0.3/lib/shinmun/blog.rb:72:in `block in load_posts'
	from /var/lib/gems/3.2.0/gems/shinmun-1.0.3/lib/shinmun/blog.rb:71:in `map'
	from /var/lib/gems/3.2.0/gems/shinmun-1.0.3/lib/shinmun/blog.rb:71:in `load_posts'
	from /var/lib/gems/3.2.0/gems/shinmun-1.0.3/lib/shinmun/blog.rb:21:in `initialize'
	from /root/blog/nodetool-blog/config.ru:7:in `new'
	from /root/blog/nodetool-blog/config.ru:7:in `block in <main>'
	from /var/lib/gems/3.2.0/gems/rack-3.2.4/lib/rack/builder.rb:124:in `instance_eval'
	from /var/lib/gems/3.2.0/gems/rack-3.2.4/lib/rack/builder.rb:124:in `initialize'
	from /root/blog/nodetool-blog/config.ru:1:in `new'
	from /root/blog/nodetool-blog/config.ru:1:in `<main>'
	from /var/lib/gems/3.2.0/gems/thin-2.0.1/lib/rack/adapter/loader.rb:40:in `eval'
	from /var/lib/gems/3.2.0/gems/thin-2.0.1/lib/rack/adapter/loader.rb:40:in `load'
	from /var/lib/gems/3.2.0/gems/thin-2.0.1/lib/rack/adapter/loader.rb:49:in `for'
	from /var/lib/gems/3.2.0/gems/thin-2.0.1/lib/thin/controllers/controller.rb:170:in `load_adapter'
	from /var/lib/gems/3.2.0/gems/thin-2.0.1/lib/thin/controllers/controller.rb:74:in `start'
	from /var/lib/gems/3.2.0/gems/thin-2.0.1/lib/thin/runner.rb:203:in `run_command'
	from /var/lib/gems/3.2.0/gems/thin-2.0.1/lib/thin/runner.rb:159:in `run!'
	from /var/lib/gems/3.2.0/gems/thin-2.0.1/bin/thin:6:in `<top (required)>'
	from /usr/local/bin/thin:25:in `load'
	from /usr/local/bin/thin:25:in `<top (required)>'
	from /usr/share/rubygems-integration/all/gems/bundler-2.4.20/lib/bundler/cli/exec.rb:58:in `load'
	from /usr/share/rubygems-integration/all/gems/bundler-2.4.20/lib/bundler/cli/exec.rb:58:in `kernel_load'
	from /usr/share/rubygems-integration/all/gems/bundler-2.4.20/lib/bundler/cli/exec.rb:23:in `run'
	from /usr/share/rubygems-integration/all/gems/bundler-2.4.20/lib/bundler/cli.rb:492:in `exec'
	from /usr/share/rubygems-integration/all/gems/bundler-2.4.20/lib/bundler/vendor/thor/lib/thor/command.rb:27:in `run'
	from /usr/share/rubygems-integration/all/gems/bundler-2.4.20/lib/bundler/vendor/thor/lib/thor/invocation.rb:127:in `invoke_command'
	from /usr/share/rubygems-integration/all/gems/bundler-2.4.20/lib/bundler/vendor/thor/lib/thor.rb:392:in `dispatch'
	from /usr/share/rubygems-integration/all/gems/bundler-2.4.20/lib/bundler/cli.rb:34:in `dispatch'
	from /usr/share/rubygems-integration/all/gems/bundler-2.4.20/lib/bundler/vendor/thor/lib/thor/base.rb:485:in `start'
	from /usr/share/rubygems-integration/all/gems/bundler-2.4.20/lib/bundler/cli.rb:28:in `start'
	from /usr/share/rubygems-integration/all/gems/bundler-2.4.20/exe/bundle:37:in `block in <top (required)>'
	from /usr/share/rubygems-integration/all/gems/bundler-2.4.20/lib/bundler/friendly_errors.rb:117:in `with_friendly_errors'
	from /usr/share/rubygems-integration/all/gems/bundler-2.4.20/exe/bundle:29:in `<top (required)>'
	from /usr/bin/bundle:25:in `load'
	from /usr/bin/bundle:25:in `<main>'
